<?xml version="1.0" encoding="UTF-8"?>
<testsuite name="MainTest" tests="1" skipped="0" failures="0" errors="0" timestamp="2022-12-01T15:43:20" hostname="LAPTOP-KJ06NUB9" time="0.052">
  <properties/>
  <testcase name="subtraction()" classname="MainTest" time="0.052"/>
  <system-out><![CDATA[]]></system-out>
  <system-err><![CDATA[]]></system-err>
</testsuite>
